<?xml version="1.0" encoding="UTF-8"?>
<!-- Generated by org.testng.reporters.JUnitReportReporter -->
<testsuite skipped="0" hostname="HQGE-BLITHE-OUT" name="testgit.com.LaunchChrome" tests="1" failures="0" timestamp="14 一月 2019 10:35:17 GMT" time="9.687" errors="0">
  <testcase name="searchBaidu" time="9.687" classname="testgit.com.LaunchChrome"/>
</testsuite> <!-- testgit.com.LaunchChrome -->
