<?xml version="1.0" encoding="UTF-8"?>
<!-- Generated by org.testng.reporters.JUnitReportReporter -->
<testsuite skipped="0" hostname="HQGE-BLITHE-OUT" name="testgit.com.LaunchChrome" tests="1" failures="0" timestamp="15 一月 2019 01:38:49 GMT" time="8.670" errors="0">
  <testcase name="searchBaidu" time="8.670" classname="testgit.com.LaunchChrome"/>
</testsuite> <!-- testgit.com.LaunchChrome -->
