<?xml version="1.0" encoding="UTF-8"?>
<!-- Generated by org.testng.reporters.JUnitReportReporter -->
<testsuite skipped="0" hostname="HQGE-BLITHE-OUT" name="testgit.com.LaunchChrome" tests="4" failures="0" timestamp="11 一月 2019 08:37:08 GMT" time="0.014" errors="0">
  <testcase name="searchBaidu" time="0.011" classname="testgit.com.LaunchChrome"/>
  <testcase name="searchBaidu3" time="0.001" classname="testgit.com.LaunchChrome"/>
  <testcase name="searchBaidu1" time="0.001" classname="testgit.com.LaunchChrome"/>
  <testcase name="searchBaidu2" time="0.001" classname="testgit.com.LaunchChrome"/>
</testsuite> <!-- testgit.com.LaunchChrome -->
